Using pre-set license
Built from '2020.3/release' branch; Version is '2020.3.7f1 (dd97f2c94397) revision 14522354'; Using compiler version '192528614'; Build Type 'Release'
OS: 'Windows 10 Pro; OS build 19041.928; Version 2004; 64bit' Language: 'en' Physical Memory: 16348 MB
BatchMode: 1, IsHumanControllingUs: 0, StartBugReporterOnCrash: 0, Is64bit: 1, IsPro: 0

 COMMAND LINE ARGUMENTS:
C:\Program Files\Unity\Hub\Editor\2020.3.7f1\Editor\Unity.exe
-adb2
-batchMode
-noUpm
-name
AssetImportWorker0
-projectPath
C:/projects/UnityTeaching/VideoTutorials-ProgrammingIntro
-logFile
Logs/AssetImportWorker0.log
-srvPort
55176
Successfully changed project path to: C:/projects/UnityTeaching/VideoTutorials-ProgrammingIntro
C:/projects/UnityTeaching/VideoTutorials-ProgrammingIntro
Using Asset Import Pipeline V2.
Refreshing native plugins compatible for Editor in 32.47 ms, found 1 plugins.
Preloading 0 native plugins for Editor in 0.00 ms.
Initialize engine version: 2020.3.7f1 (dd97f2c94397)
[Subsystems] Discovering subsystems at path C:/Program Files/Unity/Hub/Editor/2020.3.7f1/Editor/Data/Resources/UnitySubsystems
[Subsystems] Discovering subsystems at path C:/projects/UnityTeaching/VideoTutorials-ProgrammingIntro/Assets
GfxDevice: creating device client; threaded=0
Direct3D:
    Version:  Direct3D 11.0 [level 11.1]
    Renderer: NVIDIA GeForce GTX 1070 (ID=0x1b81)
    Vendor:   
    VRAM:     8088 MB
    Driver:   27.21.14.6089
Initialize mono
Mono path[0] = 'C:/Program Files/Unity/Hub/Editor/2020.3.7f1/Editor/Data/Managed'
Mono path[1] = 'C:/Program Files/Unity/Hub/Editor/2020.3.7f1/Editor/Data/MonoBleedingEdge/lib/mono/unityjit'
Mono config path = 'C:/Program Files/Unity/Hub/Editor/2020.3.7f1/Editor/Data/MonoBleedingEdge/etc'
Using monoOptions --debugger-agent=transport=dt_socket,embedding=1,server=y,suspend=n,address=127.0.0.1:56944
Begin MonoManager ReloadAssembly
Registering precompiled unity dll's ...
Register platform support module: C:/Program Files/Unity/Hub/Editor/2020.3.7f1/Editor/Data/PlaybackEngines/WebGLSupport/UnityEditor.WebGL.Extensions.dll
Register platform support module: C:/Program Files/Unity/Hub/Editor/2020.3.7f1/Editor/Data/PlaybackEngines/MacStandaloneSupport/UnityEditor.OSXStandalone.Extensions.dll
Register platform support module: C:/Program Files/Unity/Hub/Editor/2020.3.7f1/Editor/Data/PlaybackEngines/WindowsStandaloneSupport/UnityEditor.WindowsStandalone.Extensions.dll
Registered in 0.002366 seconds.
Native extension for WindowsStandalone target not found
Native extension for OSXStandalone target not found
Native extension for WebGL target not found
Refreshing native plugins compatible for Editor in 32.67 ms, found 1 plugins.
Preloading 0 native plugins for Editor in 0.00 ms.
Mono: successfully reloaded assembly
- Completed reload, in  1.202 seconds
Platform modules already initialized, skipping
Registering precompiled user dll's ...
Registered in 0.001312 seconds.
Begin MonoManager ReloadAssembly
Native extension for WindowsStandalone target not found
Native extension for OSXStandalone target not found
Native extension for WebGL target not found
Refreshing native plugins compatible for Editor in 47.05 ms, found 1 plugins.
Preloading 0 native plugins for Editor in 0.00 ms.
Mono: successfully reloaded assembly
- Completed reload, in  0.939 seconds
Platform modules already initialized, skipping
========================================================================
Worker process is ready to serve import requests
Launched and connected shader compiler UnityShaderCompiler.exe after 0.04 seconds
Refreshing native plugins compatible for Editor in 0.53 ms, found 1 plugins.
Preloading 0 native plugins for Editor in 0.00 ms.
Unloading 1808 Unused Serialized files (Serialized files now loaded: 0)
System memory in use before: 84.9 MB.
System memory in use after: 84.8 MB.

Unloading 24 unused Assets to reduce memory usage. Loaded Objects now: 2250.
Total: 1.990600 ms (FindLiveObjects: 0.236500 ms CreateObjectMapping: 0.052300 ms MarkObjects: 1.563400 ms  DeleteObjects: 0.137400 ms)

========================================================================
Received Import Request.
  path: Assets
  artifactKey: Guid(00000000000000001000000000000000) Importer(815301076,1909f56bfc062723c751e8b465ee728b)
Start importing Assets using Guid(00000000000000001000000000000000) Importer(815301076,1909f56bfc062723c751e8b465ee728b)  -> (artifact id: '5f6a1853b736837ecfb0820a881449cb') in 0.008259 seconds
  Import took 0.011081 seconds .

========================================================================
Received Import Request.
  Time since last request: 3.433258 seconds.
  path: Assets/Sprites
  artifactKey: Guid(d6208f6f00b094b428b60bfb1f7970c2) Importer(815301076,1909f56bfc062723c751e8b465ee728b)
Start importing Assets/Sprites using Guid(d6208f6f00b094b428b60bfb1f7970c2) Importer(815301076,1909f56bfc062723c751e8b465ee728b)  -> (artifact id: 'c798ebae3e52bc51bf2f47bba71a599b') in 0.005937 seconds
  Import took 0.008480 seconds .

========================================================================
Received Import Request.
  Time since last request: 0.004402 seconds.
  path: Assets/Sprites
  artifactKey: Guid(d6208f6f00b094b428b60bfb1f7970c2) Importer(815301076,1909f56bfc062723c751e8b465ee728b)
Start importing Assets/Sprites using Guid(d6208f6f00b094b428b60bfb1f7970c2) Importer(815301076,1909f56bfc062723c751e8b465ee728b)  -> (artifact id: 'c798ebae3e52bc51bf2f47bba71a599b') in 0.001846 seconds
  Import took 0.004375 seconds .

========================================================================
Received Import Request.
  Time since last request: 4.392817 seconds.
  path: Assets/Sprites/Bird.png
  artifactKey: Guid(48a4934870cca5a498b39384eb90be3f) Importer(815301076,1909f56bfc062723c751e8b465ee728b)
Start importing Assets/Sprites/Bird.png using Guid(48a4934870cca5a498b39384eb90be3f) Importer(815301076,1909f56bfc062723c751e8b465ee728b)  -> (artifact id: 'f856cd46b6950e6d6f22687720a7a993') in 0.125507 seconds
  Import took 0.128040 seconds .

========================================================================
Received Import Request.
  Time since last request: 551.320993 seconds.
  path: Assets/Sprites/sprite1.png
  artifactKey: Guid(332b4eed872fb084da0757041c249ac8) Importer(815301076,1909f56bfc062723c751e8b465ee728b)
Start importing Assets/Sprites/sprite1.png using Guid(332b4eed872fb084da0757041c249ac8) Importer(815301076,1909f56bfc062723c751e8b465ee728b)  -> (artifact id: '2d39028820fd110092ef17e5058d0568') in 0.019800 seconds
  Import took 0.022992 seconds .

========================================================================
Received Import Request.
  Time since last request: 0.000183 seconds.
  path: Assets/Sprites/sprite2.png
  artifactKey: Guid(ca444be80bb7db540844cf25286f3f9b) Importer(815301076,1909f56bfc062723c751e8b465ee728b)
Start importing Assets/Sprites/sprite2.png using Guid(ca444be80bb7db540844cf25286f3f9b) Importer(815301076,1909f56bfc062723c751e8b465ee728b)  -> (artifact id: '5993352b32ca0ff1f3ae39d41df5f895') in 0.012903 seconds
  Import took 0.015231 seconds .

========================================================================
Received Import Request.
  Time since last request: 9.268568 seconds.
  path: Assets/Sprites/Hornet.png
  artifactKey: Guid(332b4eed872fb084da0757041c249ac8) Importer(815301076,1909f56bfc062723c751e8b465ee728b)
Start importing Assets/Sprites/Hornet.png using Guid(332b4eed872fb084da0757041c249ac8) Importer(815301076,1909f56bfc062723c751e8b465ee728b)  -> (artifact id: '3e31a2e540f54e6ddb9d8f341d82dba0') in 0.012524 seconds
  Import took 0.014815 seconds .

========================================================================
Received Import Request.
  Time since last request: 16.369193 seconds.
  path: Assets/Scripts
  artifactKey: Guid(85b3876da9597d34f8a1c9232267a6d1) Importer(815301076,1909f56bfc062723c751e8b465ee728b)
Start importing Assets/Scripts using Guid(85b3876da9597d34f8a1c9232267a6d1) Importer(815301076,1909f56bfc062723c751e8b465ee728b)  -> (artifact id: '08de550dd6484d8bf6eb5fc81c9c4ef7') in 0.005287 seconds
  Import took 0.007652 seconds .

AssetImportWorkerClient::OnTransportError - code=2 error=End of file
